<?xml version="1.0" encoding="UTF-8" ?>
<testsuite tests="2" failures="2" name="TestSuite" time="0.006" errors="0" skipped="0">
  <properties>
[...]
</properties>
  <testcase classname="com.solvd.advancedautomation.base.login.LoginTest" name="test1" time="0.005">
    <failure message="Failing test1 on purpose" type="java.lang.AssertionError">java.lang.AssertionError: Failing test1 on purpose
	at org.testng.Assert.fail(Assert.java:111)
	at com.solvd.advancedautomation.base.login.LoginTest.test1(LoginTest.java:10)
</failure>
    <system-out>Configuring TestNG with: org.apache.maven.surefire.testng.conf.TestNG652Configurator@77846d2c
</system-out>
  </testcase>
  <testcase classname="com.solvd.advancedautomation.base.login.LoginTest" name="test2" time="0.001">
    <failure message="Failing test2 on purpose" type="java.lang.AssertionError">java.lang.AssertionError: Failing test2 on purpose
	at org.testng.Assert.fail(Assert.java:111)
	at com.solvd.advancedautomation.base.login.LoginTest.test2(LoginTest.java:15)
</failure>
  </testcase>
</testsuite>