<?xml version="1.0" encoding="UTF-8" ?>
<testsuite tests="8" failures="2" name="com.solvd.advancedautomation.TestClassExample" time="0.004" errors="0" skipped="6">
  <properties>
[...]
</properties>
  <testcase classname="com.solvd.advancedautomation.TestClassExample" name="test1" time="0.003">
    <skipped/>
    <system-out>Configuring TestNG with: org.apache.maven.surefire.testng.conf.TestNG652Configurator@402a079c
</system-out>
  </testcase>
  <testcase classname="com.solvd.advancedautomation.TestClassExample" name="test1" time="0">
    <skipped/>
  </testcase>
  <testcase classname="com.solvd.advancedautomation.TestClassExample" name="test1" time="0">
    <skipped/>
  </testcase>
  <testcase classname="com.solvd.advancedautomation.TestClassExample" name="test1" time="0.001">
    <failure message="Failing test1 on purpose" type="java.lang.AssertionError">java.lang.AssertionError: Failing test1 on purpose
	at org.testng.Assert.fail(Assert.java:96)
	at com.solvd.advancedautomation.TestClassExample.test1(TestClassExample.java:9)
</failure>
  </testcase>
  <testcase classname="com.solvd.advancedautomation.TestClassExample" name="test2" time="0">
    <skipped/>
  </testcase>
  <testcase classname="com.solvd.advancedautomation.TestClassExample" name="test2" time="0">
    <skipped/>
  </testcase>
  <testcase classname="com.solvd.advancedautomation.TestClassExample" name="test2" time="0">
    <skipped/>
  </testcase>
  <testcase classname="com.solvd.advancedautomation.TestClassExample" name="test2" time="0">
    <failure message="Failing test2 on purpose" type="java.lang.AssertionError">java.lang.AssertionError: Failing test2 on purpose
	at org.testng.Assert.fail(Assert.java:96)
	at com.solvd.advancedautomation.TestClassExample.test2(TestClassExample.java:14)
</failure>
  </testcase>
</testsuite>