<?xml version="1.0" encoding="UTF-8"?>
<!-- Generated by org.testng.reporters.JUnitXMLReporter -->
<testsuite ignored="0" hostname="solvds-MacBook-Pro.local" failures="2" tests="8" name="Command line test" time="0.017" errors="0" timestamp="04 jul. 2024 14:51:03 GMT">
  <testcase classname="com.solvd.advancedautomation.TestClassExample" name="test1" time="0.003">
    <skipped/>
  </testcase> <!-- test1 -->
  <testcase classname="com.solvd.advancedautomation.TestClassExample" name="test1" time="0.0">
    <skipped/>
  </testcase> <!-- test1 -->
  <testcase classname="com.solvd.advancedautomation.TestClassExample" name="test1" time="0.0">
    <skipped/>
  </testcase> <!-- test1 -->
  <testcase classname="com.solvd.advancedautomation.TestClassExample" name="test1" time="0.0">
    <failure type="java.lang.AssertionError" message="Failing test1 on purpose">
      <![CDATA[java.lang.AssertionError: Failing test1 on purpose
at com.solvd.advancedautomation.TestClassExample.test1(TestClassExample.java:9)
... Removed 35 stack frames]]>
    </failure>
  </testcase> <!-- test1 -->
  <testcase classname="com.solvd.advancedautomation.TestClassExample" name="test2" time="0.0">
    <skipped/>
  </testcase> <!-- test2 -->
  <testcase classname="com.solvd.advancedautomation.TestClassExample" name="test2" time="0.0">
    <skipped/>
  </testcase> <!-- test2 -->
  <testcase classname="com.solvd.advancedautomation.TestClassExample" name="test2" time="0.0">
    <skipped/>
  </testcase> <!-- test2 -->
  <testcase classname="com.solvd.advancedautomation.TestClassExample" name="test2" time="0.0">
    <failure type="java.lang.AssertionError" message="Failing test2 on purpose">
      <![CDATA[java.lang.AssertionError: Failing test2 on purpose
at com.solvd.advancedautomation.TestClassExample.test2(TestClassExample.java:14)
... Removed 35 stack frames]]>
    </failure>
  </testcase> <!-- test2 -->
</testsuite> <!-- Command line test -->
